2018-12-04 02:55:38 INFO  Configuration:178 - Driver carregado [TokenOuSmartCard_17_watchdata]
2018-12-04 02:55:38 INFO  Configuration:178 - Driver carregado [TokenOuSmartCard_18_watchdata]
2018-12-04 02:55:44 INFO  CAManager:236 - Procurando certificado no Provider: Provedor OFFLINE de cadeias ICP-Brasil  (icpbrasil.jks)
2018-12-04 02:55:44 INFO  CAManager:288 - Foram encontrados 1 níveis na cadeia do provider Provedor OFFLINE de cadeias ICP-Brasil  (icpbrasil.jks) 
2018-12-04 02:55:44 ERROR CAManager:294 - Não foi possivel montar a cadeia com o provider: Provedor OFFLINE de cadeias ICP-Brasil  (icpbrasil.jks)
2018-12-04 02:55:44 INFO  CAManager:236 - Procurando certificado no Provider: Provedor OFFLINE de cadeias ICP-Brasil arquivo no diretorio local do usuário C:\Users\JoséRené\.java\signer\ACcompactado.zip
2018-12-04 02:55:44 INFO  CAManager:288 - Foram encontrados 1 níveis na cadeia do provider Provedor OFFLINE de cadeias ICP-Brasil arquivo no diretorio local do usuário C:\Users\JoséRené\.java\signer\ACcompactado.zip 
2018-12-04 02:55:44 ERROR CAManager:294 - Não foi possivel montar a cadeia com o provider: Provedor OFFLINE de cadeias ICP-Brasil arquivo no diretorio local do usuário C:\Users\JoséRené\.java\signer\ACcompactado.zip
2018-12-04 02:55:44 INFO  CAManager:236 - Procurando certificado no Provider: Provedor ONLINE de cadeias ICP-Brasil  do SERPRO (http://repositorio.serpro.gov.br/icp-brasil/ACcompactado.zip)
2018-12-04 02:55:44 ERROR CAManager:297 - Nao foi possivel resgatar as CAs do provedor Provedor ONLINE de cadeias ICP-Brasil  do SERPRO (http://repositorio.serpro.gov.br/icp-brasil/ACcompactado.zip)
2018-12-04 02:55:44 INFO  CAManager:236 - Procurando certificado no Provider: Provedor ONLINE de cadeias ICP-Brasil  do ITI (http://acraiz.icpbrasil.gov.br/credenciadas/CertificadosAC-ICP-Brasil/ACcompactado.zip)
2018-12-04 02:55:44 ERROR CAManager:297 - Nao foi possivel resgatar as CAs do provedor Provedor ONLINE de cadeias ICP-Brasil  do ITI (http://acraiz.icpbrasil.gov.br/credenciadas/CertificadosAC-ICP-Brasil/ACcompactado.zip)
2018-12-04 02:56:37 INFO  Configuration:178 - Driver carregado [TokenOuSmartCard_17_watchdata]
2018-12-04 02:56:37 INFO  Configuration:178 - Driver carregado [TokenOuSmartCard_18_watchdata]
2018-12-04 02:58:28 INFO  Configuration:178 - Driver carregado [TokenOuSmartCard_17_watchdata]
2018-12-04 02:58:28 INFO  Configuration:178 - Driver carregado [TokenOuSmartCard_18_watchdata]
2018-12-04 02:58:33 INFO  CAManager:236 - Procurando certificado no Provider: Provedor OFFLINE de cadeias ICP-Brasil  (icpbrasil.jks)
2018-12-04 02:58:33 INFO  CAManager:288 - Foram encontrados 1 níveis na cadeia do provider Provedor OFFLINE de cadeias ICP-Brasil  (icpbrasil.jks) 
2018-12-04 02:58:33 ERROR CAManager:294 - Não foi possivel montar a cadeia com o provider: Provedor OFFLINE de cadeias ICP-Brasil  (icpbrasil.jks)
2018-12-04 02:58:33 INFO  CAManager:236 - Procurando certificado no Provider: Provedor OFFLINE de cadeias ICP-Brasil arquivo no diretorio local do usuário C:\Users\JoséRené\.java\signer\ACcompactado.zip
2018-12-04 02:58:33 INFO  CAManager:288 - Foram encontrados 1 níveis na cadeia do provider Provedor OFFLINE de cadeias ICP-Brasil arquivo no diretorio local do usuário C:\Users\JoséRené\.java\signer\ACcompactado.zip 
2018-12-04 02:58:33 ERROR CAManager:294 - Não foi possivel montar a cadeia com o provider: Provedor OFFLINE de cadeias ICP-Brasil arquivo no diretorio local do usuário C:\Users\JoséRené\.java\signer\ACcompactado.zip
2018-12-04 02:58:33 INFO  CAManager:236 - Procurando certificado no Provider: Provedor ONLINE de cadeias ICP-Brasil  do SERPRO (http://repositorio.serpro.gov.br/icp-brasil/ACcompactado.zip)
2018-12-04 02:58:33 ERROR CAManager:297 - Nao foi possivel resgatar as CAs do provedor Provedor ONLINE de cadeias ICP-Brasil  do SERPRO (http://repositorio.serpro.gov.br/icp-brasil/ACcompactado.zip)
2018-12-04 02:58:33 INFO  CAManager:236 - Procurando certificado no Provider: Provedor ONLINE de cadeias ICP-Brasil  do ITI (http://acraiz.icpbrasil.gov.br/credenciadas/CertificadosAC-ICP-Brasil/ACcompactado.zip)
2018-12-04 02:58:33 ERROR CAManager:297 - Nao foi possivel resgatar as CAs do provedor Provedor ONLINE de cadeias ICP-Brasil  do ITI (http://acraiz.icpbrasil.gov.br/credenciadas/CertificadosAC-ICP-Brasil/ACcompactado.zip)
2018-12-04 02:59:22 INFO  Configuration:178 - Driver carregado [TokenOuSmartCard_17_watchdata]
2018-12-04 02:59:22 INFO  Configuration:178 - Driver carregado [TokenOuSmartCard_18_watchdata]
2018-12-04 02:59:27 INFO  CAManager:236 - Procurando certificado no Provider: Provedor OFFLINE de cadeias ICP-Brasil  (icpbrasil.jks)
2018-12-04 02:59:27 INFO  CAManager:288 - Foram encontrados 4 níveis na cadeia do provider Provedor OFFLINE de cadeias ICP-Brasil  (icpbrasil.jks) 
2018-12-04 02:59:27 INFO  BasicCertificate:607 - Adicionando a url http://repositorio.serpro.gov.br/lcr/acserproacfv4.crl
2018-12-04 02:59:27 INFO  BasicCertificate:607 - Adicionando a url http://certificados2.serpro.gov.br/lcr/acserproacfv4.crl
2018-12-04 02:59:27 INFO  BasicCertificate:607 - Adicionando a url http://repositorio.icpbrasil.gov.br/lcr/serpro/acserproacfv4.crl
2018-12-04 02:59:28 INFO  OnLineCRLRepository:86 - Foi encontrada uma LCR válida: http://repositorio.serpro.gov.br/lcr/acserproacfv4.crl
2018-12-04 02:59:28 INFO  CAdESSigner:606 - OID do algoritmo que irá gerar assinatura: 1.2.840.113549.1.1.11
2018-12-04 02:59:28 INFO  CAdESSigner:607 - Nome do  algoritmo que irá gerar a assinatura : SHA256withRSA
2018-12-04 02:59:28 INFO  CAdESSigner:609 - Tamanho mínimo para chave:  2.048
2018-12-04 02:59:28 INFO  CAdESSigner:611 - Validando o tamanho da chave.
2018-12-04 02:59:28 INFO  CAdESSigner:623 - Efetuando a verificação dos atributos assinados
2018-12-04 02:59:28 INFO  CAdESSigner:655 - Ponto de Confiança ... CN=Autoridade Certificadora Raiz Brasileira v5, OU=Instituto Nacional de Tecnologia da Informacao - ITI, O=ICP-Brasil, C=BR
2018-12-04 02:59:28 INFO  CAdESSigner:655 - Ponto de Confiança ... CN=Autoridade Certificadora Raiz Brasileira v2, OU=Instituto Nacional de Tecnologia da Informacao - ITI, O=ICP-Brasil, C=BR
2018-12-04 02:59:28 INFO  CAdESSigner:667 - CN=Autoridade Certificadora SERPRO v3, OU=Autoridade Certificadora Raiz Brasileira v2, O=ICP-Brasil, C=BR
2018-12-04 02:59:28 INFO  CAdESSigner:667 - CN=Autoridade Certificadora Raiz Brasileira v2, OU=Instituto Nacional de Tecnologia da Informacao - ITI, O=ICP-Brasil, C=BR
2018-12-04 02:59:28 INFO  CAdESSigner:667 - CN=Autoridade Certificadora Raiz Brasileira v2, OU=Instituto Nacional de Tecnologia da Informacao - ITI, O=ICP-Brasil, C=BR
2018-12-04 02:59:28 INFO  CAdESSigner:667 - CN=Autoridade Certificadora do SERPRO Final v4, OU=Servico Federal de Processamento de Dados - SERPRO, OU=CSPB-1, O=ICP-Brasil, C=BR
2018-12-04 02:59:28 INFO  CAdESSigner:673 - O certificado pertence a cadeia CN=Autoridade Certificadora Raiz Brasileira v2, OU=Instituto Nacional de Tecnologia da Informacao - ITI, O=ICP-Brasil, C=BR que é permitida pela política  para gerar a assinatura.
2018-12-04 02:59:28 INFO  CAdESSigner:683 - Verificando o período de validade da politica
2018-12-04 02:59:28 INFO  CAdESSigner:363 - Adicionando Certificado no CertStore
2018-12-04 02:59:28 INFO  CAdESSigner:691 - OID do algoritmo que irá gerar assinatura: 1.2.840.113549.1.1.11
2018-12-04 02:59:35 INFO  CAdESSigner:717 - Efetuando a verificação dos atributos NÃO assinados
2018-12-04 02:59:35 INFO  CAdESSigner:779 - Assinatura gerada com sucesso!
2018-12-04 03:06:48 INFO  Configuration:178 - Driver carregado [TokenOuSmartCard_17_watchdata]
2018-12-04 03:06:48 INFO  Configuration:178 - Driver carregado [TokenOuSmartCard_18_watchdata]
2018-12-04 03:06:54 INFO  CAManager:236 - Procurando certificado no Provider: Provedor OFFLINE de cadeias ICP-Brasil  (icpbrasil.jks)
2018-12-04 03:06:54 INFO  CAManager:288 - Foram encontrados 4 níveis na cadeia do provider Provedor OFFLINE de cadeias ICP-Brasil  (icpbrasil.jks) 
2018-12-04 03:06:54 INFO  BasicCertificate:607 - Adicionando a url http://repositorio.serpro.gov.br/lcr/acserproacfv4.crl
2018-12-04 03:06:54 INFO  BasicCertificate:607 - Adicionando a url http://certificados2.serpro.gov.br/lcr/acserproacfv4.crl
2018-12-04 03:06:54 INFO  BasicCertificate:607 - Adicionando a url http://repositorio.icpbrasil.gov.br/lcr/serpro/acserproacfv4.crl
2018-12-04 03:06:54 INFO  OnLineCRLRepository:86 - Foi encontrada uma LCR válida: http://repositorio.serpro.gov.br/lcr/acserproacfv4.crl
2018-12-04 03:06:54 INFO  CAdESSigner:606 - OID do algoritmo que irá gerar assinatura: 1.2.840.113549.1.1.11
2018-12-04 03:06:54 INFO  CAdESSigner:607 - Nome do  algoritmo que irá gerar a assinatura : SHA256withRSA
2018-12-04 03:06:54 INFO  CAdESSigner:609 - Tamanho mínimo para chave:  2.048
2018-12-04 03:06:54 INFO  CAdESSigner:611 - Validando o tamanho da chave.
2018-12-04 03:06:54 INFO  CAdESSigner:623 - Efetuando a verificação dos atributos assinados
2018-12-04 03:06:54 INFO  CAdESSigner:655 - Ponto de Confiança ... CN=Autoridade Certificadora Raiz Brasileira v5, OU=Instituto Nacional de Tecnologia da Informacao - ITI, O=ICP-Brasil, C=BR
2018-12-04 03:06:54 INFO  CAdESSigner:655 - Ponto de Confiança ... CN=Autoridade Certificadora Raiz Brasileira v2, OU=Instituto Nacional de Tecnologia da Informacao - ITI, O=ICP-Brasil, C=BR
2018-12-04 03:06:54 INFO  CAdESSigner:667 - CN=Autoridade Certificadora SERPRO v3, OU=Autoridade Certificadora Raiz Brasileira v2, O=ICP-Brasil, C=BR
2018-12-04 03:06:54 INFO  CAdESSigner:667 - CN=Autoridade Certificadora Raiz Brasileira v2, OU=Instituto Nacional de Tecnologia da Informacao - ITI, O=ICP-Brasil, C=BR
2018-12-04 03:06:54 INFO  CAdESSigner:667 - CN=Autoridade Certificadora Raiz Brasileira v2, OU=Instituto Nacional de Tecnologia da Informacao - ITI, O=ICP-Brasil, C=BR
2018-12-04 03:06:54 INFO  CAdESSigner:667 - CN=Autoridade Certificadora do SERPRO Final v4, OU=Servico Federal de Processamento de Dados - SERPRO, OU=CSPB-1, O=ICP-Brasil, C=BR
2018-12-04 03:06:54 INFO  CAdESSigner:673 - O certificado pertence a cadeia CN=Autoridade Certificadora Raiz Brasileira v2, OU=Instituto Nacional de Tecnologia da Informacao - ITI, O=ICP-Brasil, C=BR que é permitida pela política  para gerar a assinatura.
2018-12-04 03:06:54 INFO  CAdESSigner:683 - Verificando o período de validade da politica
2018-12-04 03:06:54 INFO  CAdESSigner:363 - Adicionando Certificado no CertStore
2018-12-04 03:06:54 INFO  CAdESSigner:691 - OID do algoritmo que irá gerar assinatura: 1.2.840.113549.1.1.11
2018-12-04 03:07:12 INFO  CAdESSigner:717 - Efetuando a verificação dos atributos NÃO assinados
2018-12-04 03:07:12 INFO  CAdESSigner:779 - Assinatura gerada com sucesso!
2018-12-04 03:13:16 INFO  Configuration:178 - Driver carregado [TokenOuSmartCard_17_watchdata]
2018-12-04 03:13:16 INFO  Configuration:178 - Driver carregado [TokenOuSmartCard_18_watchdata]
2018-12-04 03:13:22 INFO  CAManager:236 - Procurando certificado no Provider: Provedor OFFLINE de cadeias ICP-Brasil  (icpbrasil.jks)
2018-12-04 03:13:22 INFO  CAManager:288 - Foram encontrados 4 níveis na cadeia do provider Provedor OFFLINE de cadeias ICP-Brasil  (icpbrasil.jks) 
2018-12-04 03:13:22 INFO  BasicCertificate:607 - Adicionando a url http://repositorio.serpro.gov.br/lcr/acserproacfv4.crl
2018-12-04 03:13:22 INFO  BasicCertificate:607 - Adicionando a url http://certificados2.serpro.gov.br/lcr/acserproacfv4.crl
2018-12-04 03:13:22 INFO  BasicCertificate:607 - Adicionando a url http://repositorio.icpbrasil.gov.br/lcr/serpro/acserproacfv4.crl
2018-12-04 03:13:22 INFO  OnLineCRLRepository:86 - Foi encontrada uma LCR válida: http://repositorio.serpro.gov.br/lcr/acserproacfv4.crl
2018-12-04 03:13:22 INFO  CAdESSigner:606 - OID do algoritmo que irá gerar assinatura: 1.2.840.113549.1.1.11
2018-12-04 03:13:22 INFO  CAdESSigner:607 - Nome do  algoritmo que irá gerar a assinatura : SHA256withRSA
2018-12-04 03:13:22 INFO  CAdESSigner:609 - Tamanho mínimo para chave:  2.048
2018-12-04 03:13:22 INFO  CAdESSigner:611 - Validando o tamanho da chave.
2018-12-04 03:13:22 INFO  CAdESSigner:623 - Efetuando a verificação dos atributos assinados
2018-12-04 03:13:22 INFO  CAdESSigner:655 - Ponto de Confiança ... CN=Autoridade Certificadora Raiz Brasileira v5, OU=Instituto Nacional de Tecnologia da Informacao - ITI, O=ICP-Brasil, C=BR
2018-12-04 03:13:22 INFO  CAdESSigner:655 - Ponto de Confiança ... CN=Autoridade Certificadora Raiz Brasileira v2, OU=Instituto Nacional de Tecnologia da Informacao - ITI, O=ICP-Brasil, C=BR
2018-12-04 03:13:22 INFO  CAdESSigner:667 - CN=Autoridade Certificadora SERPRO v3, OU=Autoridade Certificadora Raiz Brasileira v2, O=ICP-Brasil, C=BR
2018-12-04 03:13:22 INFO  CAdESSigner:667 - CN=Autoridade Certificadora Raiz Brasileira v2, OU=Instituto Nacional de Tecnologia da Informacao - ITI, O=ICP-Brasil, C=BR
2018-12-04 03:13:22 INFO  CAdESSigner:667 - CN=Autoridade Certificadora Raiz Brasileira v2, OU=Instituto Nacional de Tecnologia da Informacao - ITI, O=ICP-Brasil, C=BR
2018-12-04 03:13:22 INFO  CAdESSigner:667 - CN=Autoridade Certificadora do SERPRO Final v4, OU=Servico Federal de Processamento de Dados - SERPRO, OU=CSPB-1, O=ICP-Brasil, C=BR
2018-12-04 03:13:22 INFO  CAdESSigner:673 - O certificado pertence a cadeia CN=Autoridade Certificadora Raiz Brasileira v2, OU=Instituto Nacional de Tecnologia da Informacao - ITI, O=ICP-Brasil, C=BR que é permitida pela política  para gerar a assinatura.
2018-12-04 03:13:22 INFO  CAdESSigner:683 - Verificando o período de validade da politica
2018-12-04 03:13:22 INFO  CAdESSigner:363 - Adicionando Certificado no CertStore
2018-12-04 03:13:22 INFO  CAdESSigner:691 - OID do algoritmo que irá gerar assinatura: 1.2.840.113549.1.1.11
2018-12-04 03:13:23 INFO  CAdESSigner:717 - Efetuando a verificação dos atributos NÃO assinados
2018-12-04 03:13:23 INFO  CAdESSigner:779 - Assinatura gerada com sucesso!
2018-12-04 03:17:47 INFO  Configuration:178 - Driver carregado [TokenOuSmartCard_17_watchdata]
2018-12-04 03:17:47 INFO  Configuration:178 - Driver carregado [TokenOuSmartCard_18_watchdata]
2018-12-04 03:17:52 INFO  CAManager:236 - Procurando certificado no Provider: Provedor OFFLINE de cadeias ICP-Brasil  (icpbrasil.jks)
2018-12-04 03:17:52 INFO  CAManager:288 - Foram encontrados 4 níveis na cadeia do provider Provedor OFFLINE de cadeias ICP-Brasil  (icpbrasil.jks) 
2018-12-04 03:17:52 INFO  BasicCertificate:607 - Adicionando a url http://repositorio.serpro.gov.br/lcr/acserproacfv4.crl
2018-12-04 03:17:52 INFO  BasicCertificate:607 - Adicionando a url http://certificados2.serpro.gov.br/lcr/acserproacfv4.crl
2018-12-04 03:17:52 INFO  BasicCertificate:607 - Adicionando a url http://repositorio.icpbrasil.gov.br/lcr/serpro/acserproacfv4.crl
2018-12-04 03:17:53 INFO  OnLineCRLRepository:86 - Foi encontrada uma LCR válida: http://repositorio.serpro.gov.br/lcr/acserproacfv4.crl
2018-12-04 03:17:53 INFO  CAdESSigner:606 - OID do algoritmo que irá gerar assinatura: 1.2.840.113549.1.1.11
2018-12-04 03:17:53 INFO  CAdESSigner:607 - Nome do  algoritmo que irá gerar a assinatura : SHA256withRSA
2018-12-04 03:17:53 INFO  CAdESSigner:609 - Tamanho mínimo para chave:  2.048
2018-12-04 03:17:53 INFO  CAdESSigner:611 - Validando o tamanho da chave.
2018-12-04 03:17:53 INFO  CAdESSigner:623 - Efetuando a verificação dos atributos assinados
2018-12-04 03:17:53 INFO  CAdESSigner:655 - Ponto de Confiança ... CN=Autoridade Certificadora Raiz Brasileira v5, OU=Instituto Nacional de Tecnologia da Informacao - ITI, O=ICP-Brasil, C=BR
2018-12-04 03:17:53 INFO  CAdESSigner:655 - Ponto de Confiança ... CN=Autoridade Certificadora Raiz Brasileira v2, OU=Instituto Nacional de Tecnologia da Informacao - ITI, O=ICP-Brasil, C=BR
2018-12-04 03:17:53 INFO  CAdESSigner:667 - CN=Autoridade Certificadora SERPRO v3, OU=Autoridade Certificadora Raiz Brasileira v2, O=ICP-Brasil, C=BR
2018-12-04 03:17:53 INFO  CAdESSigner:667 - CN=Autoridade Certificadora Raiz Brasileira v2, OU=Instituto Nacional de Tecnologia da Informacao - ITI, O=ICP-Brasil, C=BR
2018-12-04 03:17:53 INFO  CAdESSigner:667 - CN=Autoridade Certificadora Raiz Brasileira v2, OU=Instituto Nacional de Tecnologia da Informacao - ITI, O=ICP-Brasil, C=BR
2018-12-04 03:17:53 INFO  CAdESSigner:667 - CN=Autoridade Certificadora do SERPRO Final v4, OU=Servico Federal de Processamento de Dados - SERPRO, OU=CSPB-1, O=ICP-Brasil, C=BR
2018-12-04 03:17:53 INFO  CAdESSigner:673 - O certificado pertence a cadeia CN=Autoridade Certificadora Raiz Brasileira v2, OU=Instituto Nacional de Tecnologia da Informacao - ITI, O=ICP-Brasil, C=BR que é permitida pela política  para gerar a assinatura.
2018-12-04 03:17:53 INFO  CAdESSigner:683 - Verificando o período de validade da politica
2018-12-04 03:17:53 INFO  CAdESSigner:363 - Adicionando Certificado no CertStore
2018-12-04 03:17:53 INFO  CAdESSigner:691 - OID do algoritmo que irá gerar assinatura: 1.2.840.113549.1.1.11
2018-12-04 03:17:53 INFO  CAdESSigner:717 - Efetuando a verificação dos atributos NÃO assinados
2018-12-04 03:17:53 INFO  CAdESSigner:779 - Assinatura gerada com sucesso!
2018-12-04 03:23:40 INFO  Configuration:178 - Driver carregado [TokenOuSmartCard_17_watchdata]
2018-12-04 03:23:40 INFO  Configuration:178 - Driver carregado [TokenOuSmartCard_18_watchdata]
2018-12-04 03:23:46 INFO  CAManager:236 - Procurando certificado no Provider: Provedor OFFLINE de cadeias ICP-Brasil  (icpbrasil.jks)
2018-12-04 03:23:46 INFO  CAManager:288 - Foram encontrados 4 níveis na cadeia do provider Provedor OFFLINE de cadeias ICP-Brasil  (icpbrasil.jks) 
2018-12-04 03:23:46 INFO  BasicCertificate:607 - Adicionando a url http://repositorio.serpro.gov.br/lcr/acserproacfv4.crl
2018-12-04 03:23:46 INFO  BasicCertificate:607 - Adicionando a url http://certificados2.serpro.gov.br/lcr/acserproacfv4.crl
2018-12-04 03:23:46 INFO  BasicCertificate:607 - Adicionando a url http://repositorio.icpbrasil.gov.br/lcr/serpro/acserproacfv4.crl
2018-12-04 03:23:46 INFO  OnLineCRLRepository:86 - Foi encontrada uma LCR válida: http://repositorio.serpro.gov.br/lcr/acserproacfv4.crl
2018-12-04 03:23:46 INFO  CAdESSigner:606 - OID do algoritmo que irá gerar assinatura: 1.2.840.113549.1.1.11
2018-12-04 03:23:46 INFO  CAdESSigner:607 - Nome do  algoritmo que irá gerar a assinatura : SHA256withRSA
2018-12-04 03:23:46 INFO  CAdESSigner:609 - Tamanho mínimo para chave:  2.048
2018-12-04 03:23:46 INFO  CAdESSigner:611 - Validando o tamanho da chave.
2018-12-04 03:23:46 INFO  CAdESSigner:623 - Efetuando a verificação dos atributos assinados
2018-12-04 03:23:46 INFO  CAdESSigner:655 - Ponto de Confiança ... CN=Autoridade Certificadora Raiz Brasileira v5, OU=Instituto Nacional de Tecnologia da Informacao - ITI, O=ICP-Brasil, C=BR
2018-12-04 03:23:46 INFO  CAdESSigner:655 - Ponto de Confiança ... CN=Autoridade Certificadora Raiz Brasileira v2, OU=Instituto Nacional de Tecnologia da Informacao - ITI, O=ICP-Brasil, C=BR
2018-12-04 03:23:46 INFO  CAdESSigner:667 - CN=Autoridade Certificadora SERPRO v3, OU=Autoridade Certificadora Raiz Brasileira v2, O=ICP-Brasil, C=BR
2018-12-04 03:23:46 INFO  CAdESSigner:667 - CN=Autoridade Certificadora Raiz Brasileira v2, OU=Instituto Nacional de Tecnologia da Informacao - ITI, O=ICP-Brasil, C=BR
2018-12-04 03:23:46 INFO  CAdESSigner:667 - CN=Autoridade Certificadora Raiz Brasileira v2, OU=Instituto Nacional de Tecnologia da Informacao - ITI, O=ICP-Brasil, C=BR
2018-12-04 03:23:46 INFO  CAdESSigner:667 - CN=Autoridade Certificadora do SERPRO Final v4, OU=Servico Federal de Processamento de Dados - SERPRO, OU=CSPB-1, O=ICP-Brasil, C=BR
2018-12-04 03:23:46 INFO  CAdESSigner:673 - O certificado pertence a cadeia CN=Autoridade Certificadora Raiz Brasileira v2, OU=Instituto Nacional de Tecnologia da Informacao - ITI, O=ICP-Brasil, C=BR que é permitida pela política  para gerar a assinatura.
2018-12-04 03:23:46 INFO  CAdESSigner:683 - Verificando o período de validade da politica
2018-12-04 03:23:46 INFO  CAdESSigner:363 - Adicionando Certificado no CertStore
2018-12-04 03:23:46 INFO  CAdESSigner:691 - OID do algoritmo que irá gerar assinatura: 1.2.840.113549.1.1.11
2018-12-04 03:23:47 INFO  CAdESSigner:717 - Efetuando a verificação dos atributos NÃO assinados
2018-12-04 03:23:47 INFO  CAdESSigner:779 - Assinatura gerada com sucesso!
2018-12-04 03:28:16 INFO  Configuration:178 - Driver carregado [TokenOuSmartCard_17_watchdata]
2018-12-04 03:28:16 INFO  Configuration:178 - Driver carregado [TokenOuSmartCard_18_watchdata]
2018-12-04 03:28:21 INFO  CAManager:236 - Procurando certificado no Provider: Provedor OFFLINE de cadeias ICP-Brasil  (icpbrasil.jks)
2018-12-04 03:28:21 INFO  CAManager:288 - Foram encontrados 4 níveis na cadeia do provider Provedor OFFLINE de cadeias ICP-Brasil  (icpbrasil.jks) 
2018-12-04 03:28:21 INFO  BasicCertificate:607 - Adicionando a url http://repositorio.serpro.gov.br/lcr/acserproacfv4.crl
2018-12-04 03:28:21 INFO  BasicCertificate:607 - Adicionando a url http://certificados2.serpro.gov.br/lcr/acserproacfv4.crl
2018-12-04 03:28:21 INFO  BasicCertificate:607 - Adicionando a url http://repositorio.icpbrasil.gov.br/lcr/serpro/acserproacfv4.crl
2018-12-04 03:28:22 INFO  OnLineCRLRepository:86 - Foi encontrada uma LCR válida: http://repositorio.serpro.gov.br/lcr/acserproacfv4.crl
2018-12-04 03:28:22 INFO  CAdESSigner:606 - OID do algoritmo que irá gerar assinatura: 1.2.840.113549.1.1.11
2018-12-04 03:28:22 INFO  CAdESSigner:607 - Nome do  algoritmo que irá gerar a assinatura : SHA256withRSA
2018-12-04 03:28:22 INFO  CAdESSigner:609 - Tamanho mínimo para chave:  2.048
2018-12-04 03:28:22 INFO  CAdESSigner:611 - Validando o tamanho da chave.
2018-12-04 03:28:22 INFO  CAdESSigner:623 - Efetuando a verificação dos atributos assinados
2018-12-04 03:28:22 INFO  CAdESSigner:655 - Ponto de Confiança ... CN=Autoridade Certificadora Raiz Brasileira v5, OU=Instituto Nacional de Tecnologia da Informacao - ITI, O=ICP-Brasil, C=BR
2018-12-04 03:28:22 INFO  CAdESSigner:655 - Ponto de Confiança ... CN=Autoridade Certificadora Raiz Brasileira v2, OU=Instituto Nacional de Tecnologia da Informacao - ITI, O=ICP-Brasil, C=BR
2018-12-04 03:28:22 INFO  CAdESSigner:667 - CN=Autoridade Certificadora SERPRO v3, OU=Autoridade Certificadora Raiz Brasileira v2, O=ICP-Brasil, C=BR
2018-12-04 03:28:22 INFO  CAdESSigner:667 - CN=Autoridade Certificadora Raiz Brasileira v2, OU=Instituto Nacional de Tecnologia da Informacao - ITI, O=ICP-Brasil, C=BR
2018-12-04 03:28:22 INFO  CAdESSigner:667 - CN=Autoridade Certificadora Raiz Brasileira v2, OU=Instituto Nacional de Tecnologia da Informacao - ITI, O=ICP-Brasil, C=BR
2018-12-04 03:28:22 INFO  CAdESSigner:667 - CN=Autoridade Certificadora do SERPRO Final v4, OU=Servico Federal de Processamento de Dados - SERPRO, OU=CSPB-1, O=ICP-Brasil, C=BR
2018-12-04 03:28:22 INFO  CAdESSigner:673 - O certificado pertence a cadeia CN=Autoridade Certificadora Raiz Brasileira v2, OU=Instituto Nacional de Tecnologia da Informacao - ITI, O=ICP-Brasil, C=BR que é permitida pela política  para gerar a assinatura.
2018-12-04 03:28:22 INFO  CAdESSigner:683 - Verificando o período de validade da politica
2018-12-04 03:28:22 INFO  CAdESSigner:363 - Adicionando Certificado no CertStore
2018-12-04 03:28:22 INFO  CAdESSigner:691 - OID do algoritmo que irá gerar assinatura: 1.2.840.113549.1.1.11
2018-12-04 03:28:22 INFO  CAdESSigner:717 - Efetuando a verificação dos atributos NÃO assinados
2018-12-04 03:28:22 INFO  CAdESSigner:779 - Assinatura gerada com sucesso!
2018-12-04 03:29:04 INFO  Configuration:178 - Driver carregado [TokenOuSmartCard_17_watchdata]
2018-12-04 03:29:04 INFO  Configuration:178 - Driver carregado [TokenOuSmartCard_18_watchdata]
2018-12-04 03:29:09 INFO  CAManager:236 - Procurando certificado no Provider: Provedor OFFLINE de cadeias ICP-Brasil  (icpbrasil.jks)
2018-12-04 03:29:09 INFO  CAManager:288 - Foram encontrados 4 níveis na cadeia do provider Provedor OFFLINE de cadeias ICP-Brasil  (icpbrasil.jks) 
2018-12-04 03:29:09 INFO  BasicCertificate:607 - Adicionando a url http://repositorio.serpro.gov.br/lcr/acserproacfv4.crl
2018-12-04 03:29:09 INFO  BasicCertificate:607 - Adicionando a url http://certificados2.serpro.gov.br/lcr/acserproacfv4.crl
2018-12-04 03:29:09 INFO  BasicCertificate:607 - Adicionando a url http://repositorio.icpbrasil.gov.br/lcr/serpro/acserproacfv4.crl
2018-12-04 03:29:10 INFO  OnLineCRLRepository:86 - Foi encontrada uma LCR válida: http://repositorio.serpro.gov.br/lcr/acserproacfv4.crl
2018-12-04 03:29:10 INFO  CAdESSigner:606 - OID do algoritmo que irá gerar assinatura: 1.2.840.113549.1.1.11
2018-12-04 03:29:10 INFO  CAdESSigner:607 - Nome do  algoritmo que irá gerar a assinatura : SHA256withRSA
2018-12-04 03:29:10 INFO  CAdESSigner:609 - Tamanho mínimo para chave:  2.048
2018-12-04 03:29:10 INFO  CAdESSigner:611 - Validando o tamanho da chave.
2018-12-04 03:29:10 INFO  CAdESSigner:623 - Efetuando a verificação dos atributos assinados
2018-12-04 03:29:10 INFO  CAdESSigner:655 - Ponto de Confiança ... CN=Autoridade Certificadora Raiz Brasileira v5, OU=Instituto Nacional de Tecnologia da Informacao - ITI, O=ICP-Brasil, C=BR
2018-12-04 03:29:10 INFO  CAdESSigner:655 - Ponto de Confiança ... CN=Autoridade Certificadora Raiz Brasileira v2, OU=Instituto Nacional de Tecnologia da Informacao - ITI, O=ICP-Brasil, C=BR
2018-12-04 03:29:10 INFO  CAdESSigner:667 - CN=Autoridade Certificadora SERPRO v3, OU=Autoridade Certificadora Raiz Brasileira v2, O=ICP-Brasil, C=BR
2018-12-04 03:29:10 INFO  CAdESSigner:667 - CN=Autoridade Certificadora Raiz Brasileira v2, OU=Instituto Nacional de Tecnologia da Informacao - ITI, O=ICP-Brasil, C=BR
2018-12-04 03:29:10 INFO  CAdESSigner:667 - CN=Autoridade Certificadora Raiz Brasileira v2, OU=Instituto Nacional de Tecnologia da Informacao - ITI, O=ICP-Brasil, C=BR
2018-12-04 03:29:10 INFO  CAdESSigner:667 - CN=Autoridade Certificadora do SERPRO Final v4, OU=Servico Federal de Processamento de Dados - SERPRO, OU=CSPB-1, O=ICP-Brasil, C=BR
2018-12-04 03:29:10 INFO  CAdESSigner:673 - O certificado pertence a cadeia CN=Autoridade Certificadora Raiz Brasileira v2, OU=Instituto Nacional de Tecnologia da Informacao - ITI, O=ICP-Brasil, C=BR que é permitida pela política  para gerar a assinatura.
2018-12-04 03:29:10 INFO  CAdESSigner:683 - Verificando o período de validade da politica
2018-12-04 03:29:10 INFO  CAdESSigner:363 - Adicionando Certificado no CertStore
2018-12-04 03:29:10 INFO  CAdESSigner:691 - OID do algoritmo que irá gerar assinatura: 1.2.840.113549.1.1.11
2018-12-04 03:29:10 INFO  CAdESSigner:717 - Efetuando a verificação dos atributos NÃO assinados
2018-12-04 03:29:10 INFO  TimeStampToken:97 - Carregando o serviço do carimbador de tempo.
2018-12-04 03:29:10 INFO  TimeStampOperator:114 - Gerando o digest do conteúdo para a requisição do carimbo de tempo
2018-12-04 03:29:10 INFO  TimeStampOperator:119 - Windows foi detectado definindo o Algoritmo para SHA256
2018-12-04 03:29:10 INFO  TimeStampOperator:138 - Montando a requisição para o carimbador de tempo
2018-12-04 03:29:10 INFO  TimeStampOperator:145 - Efetuando a  assinatura do conteúdo para requisição.
2018-12-04 03:29:10 INFO  RequestSigner:83 - Efetuando a  assinatura do conteúdo para requisição.
2018-12-04 03:29:10 INFO  TimeStampOperator:187 - Iniciando pedido de carimbo de tempo
2018-12-04 03:29:10 INFO  ConnectorFactory:65 - Retornando uma conexão tipo SOCKET da fábrica.
2018-12-04 03:29:10 INFO  TimeStampOperator:192 - Obtendo a resposta do carimbo de tempo
2018-12-04 03:29:10 INFO  SocketConnector:83 - Envia a solicitação de conexão para o servidor de carimbo de tempo.
2018-12-04 03:29:10 INFO  SocketConnector:86 - Conectado [true] na url [act.serpro.gov.br] e porta [318]
2018-12-04 03:29:10 INFO  SocketConnector:88 - Escrevendo no socket
2018-12-04 03:29:10 INFO  SocketConnector:96 - Obtendo a resposta do socket do servidor de carimbo de tempo.
2018-12-04 03:29:11 INFO  TimeStampOperator:239 - Situação da resposta do carimbo de tempo.: 0
2018-12-04 03:29:11 INFO  TimeStampOperator:243 - O token de carimbo de tempo está presente, conforme solicitado
2018-12-04 03:29:11 INFO  TimeStampOperator:280 - valor do retorno de falhas na requisição do carimbo = -1  valor igual a -1 indica que não há retorno de falhas.
2018-12-04 03:29:11 INFO  TimeStampOperator:320 - 
Data e  hora do carimbo de tempo :04-dez-2018 03:29:10:721 GMT
Política do carimbo de tempo :2.16.76.1.6.2
Número de série do carimbo de tempo :697225
Certificado da Autoridade de carimbo de tempo :4: C=BR,O=ICP-Brasil,OU=Certificado de Carimbo do Tempo,OU=ARSERPRO,OU=Autoridade Certificadora da SERPROACF TIMESTAMPING,CN=PDDE50099 - SCT SERPRO
Algoritimo de hash para o carimbo de tempo :2.16.840.1.101.3.4.2.1
Resumo(hash) do carimbo de tempo em formato hexadecimal  :41C7ACA903D45EDE006E0EAD887E611E36130BF97E3FBE5FE1314ABCC923B926
Resumo (hash) do carimbo de tempo em formato base64 :QcesqQPUXt4Abg6tiH5hHjYTC/l+P75f4TFKvMkjuSY=
Resumo (hash) do carimbo de tempo:[B@3835c46

2018-12-04 03:29:11 INFO  TimeStampOperator:365 - Verificada(s) 1 assinatura(s).
2018-12-04 03:29:11 INFO  TimeStampOperator:381 - Resumo  incluso no carimbo de tempo com resumo do arquivo carimbado verificado com sucesso.
2018-12-04 03:29:11 INFO  CAdESSigner:779 - Assinatura gerada com sucesso!
2018-12-04 03:46:50 INFO  Configuration:178 - Driver carregado [TokenOuSmartCard_17_watchdata]
2018-12-04 03:46:50 INFO  Configuration:178 - Driver carregado [TokenOuSmartCard_18_watchdata]
2018-12-04 03:46:56 INFO  CAManager:236 - Procurando certificado no Provider: Provedor OFFLINE de cadeias ICP-Brasil  (icpbrasil.jks)
2018-12-04 03:46:56 INFO  CAManager:288 - Foram encontrados 4 níveis na cadeia do provider Provedor OFFLINE de cadeias ICP-Brasil  (icpbrasil.jks) 
2018-12-04 03:46:56 INFO  BasicCertificate:607 - Adicionando a url http://repositorio.serpro.gov.br/lcr/acserproacfv4.crl
2018-12-04 03:46:56 INFO  BasicCertificate:607 - Adicionando a url http://certificados2.serpro.gov.br/lcr/acserproacfv4.crl
2018-12-04 03:46:56 INFO  BasicCertificate:607 - Adicionando a url http://repositorio.icpbrasil.gov.br/lcr/serpro/acserproacfv4.crl
2018-12-04 03:46:56 INFO  OnLineCRLRepository:86 - Foi encontrada uma LCR válida: http://repositorio.serpro.gov.br/lcr/acserproacfv4.crl
2018-12-04 03:46:56 INFO  CAdESSigner:606 - OID do algoritmo que irá gerar assinatura: 1.2.840.113549.1.1.11
2018-12-04 03:46:56 INFO  CAdESSigner:607 - Nome do  algoritmo que irá gerar a assinatura : SHA256withRSA
2018-12-04 03:46:56 INFO  CAdESSigner:609 - Tamanho mínimo para chave:  2.048
2018-12-04 03:46:56 INFO  CAdESSigner:611 - Validando o tamanho da chave.
2018-12-04 03:46:56 INFO  CAdESSigner:623 - Efetuando a verificação dos atributos assinados
2018-12-04 03:46:56 INFO  CAdESSigner:655 - Ponto de Confiança ... CN=Autoridade Certificadora Raiz Brasileira v5, OU=Instituto Nacional de Tecnologia da Informacao - ITI, O=ICP-Brasil, C=BR
2018-12-04 03:46:56 INFO  CAdESSigner:655 - Ponto de Confiança ... CN=Autoridade Certificadora Raiz Brasileira v2, OU=Instituto Nacional de Tecnologia da Informacao - ITI, O=ICP-Brasil, C=BR
2018-12-04 03:46:56 INFO  CAdESSigner:667 - CN=Autoridade Certificadora SERPRO v3, OU=Autoridade Certificadora Raiz Brasileira v2, O=ICP-Brasil, C=BR
2018-12-04 03:46:56 INFO  CAdESSigner:667 - CN=Autoridade Certificadora Raiz Brasileira v2, OU=Instituto Nacional de Tecnologia da Informacao - ITI, O=ICP-Brasil, C=BR
2018-12-04 03:46:56 INFO  CAdESSigner:667 - CN=Autoridade Certificadora Raiz Brasileira v2, OU=Instituto Nacional de Tecnologia da Informacao - ITI, O=ICP-Brasil, C=BR
2018-12-04 03:46:56 INFO  CAdESSigner:667 - CN=Autoridade Certificadora do SERPRO Final v4, OU=Servico Federal de Processamento de Dados - SERPRO, OU=CSPB-1, O=ICP-Brasil, C=BR
2018-12-04 03:46:56 INFO  CAdESSigner:673 - O certificado pertence a cadeia CN=Autoridade Certificadora Raiz Brasileira v2, OU=Instituto Nacional de Tecnologia da Informacao - ITI, O=ICP-Brasil, C=BR que é permitida pela política  para gerar a assinatura.
2018-12-04 03:46:56 INFO  CAdESSigner:683 - Verificando o período de validade da politica
2018-12-04 03:46:56 INFO  CAdESSigner:363 - Adicionando Certificado no CertStore
2018-12-04 03:46:56 INFO  CAdESSigner:691 - OID do algoritmo que irá gerar assinatura: 1.2.840.113549.1.1.11
2018-12-04 03:46:57 INFO  CAdESSigner:717 - Efetuando a verificação dos atributos NÃO assinados
2018-12-04 03:46:57 INFO  TimeStampToken:97 - Carregando o serviço do carimbador de tempo.
2018-12-04 03:46:57 INFO  TimeStampOperator:114 - Gerando o digest do conteúdo para a requisição do carimbo de tempo
2018-12-04 03:46:57 INFO  TimeStampOperator:119 - Windows foi detectado definindo o Algoritmo para SHA256
2018-12-04 03:46:57 INFO  TimeStampOperator:138 - Montando a requisição para o carimbador de tempo
2018-12-04 03:46:57 INFO  TimeStampOperator:145 - Efetuando a  assinatura do conteúdo para requisição.
2018-12-04 03:46:57 INFO  RequestSigner:83 - Efetuando a  assinatura do conteúdo para requisição.
2018-12-04 03:46:57 INFO  TimeStampOperator:187 - Iniciando pedido de carimbo de tempo
2018-12-04 03:46:57 INFO  ConnectorFactory:65 - Retornando uma conexão tipo SOCKET da fábrica.
2018-12-04 03:46:57 INFO  TimeStampOperator:192 - Obtendo a resposta do carimbo de tempo
2018-12-04 03:46:57 INFO  SocketConnector:83 - Envia a solicitação de conexão para o servidor de carimbo de tempo.
2018-12-04 03:46:57 INFO  SocketConnector:86 - Conectado [true] na url [act.serpro.gov.br] e porta [318]
2018-12-04 03:46:57 INFO  SocketConnector:88 - Escrevendo no socket
2018-12-04 03:46:57 INFO  SocketConnector:96 - Obtendo a resposta do socket do servidor de carimbo de tempo.
2018-12-04 03:46:57 INFO  TimeStampOperator:239 - Situação da resposta do carimbo de tempo.: 0
2018-12-04 03:46:57 INFO  TimeStampOperator:243 - O token de carimbo de tempo está presente, conforme solicitado
2018-12-04 03:46:57 INFO  TimeStampOperator:280 - valor do retorno de falhas na requisição do carimbo = -1  valor igual a -1 indica que não há retorno de falhas.
2018-12-04 03:46:57 INFO  TimeStampOperator:320 - 
Data e  hora do carimbo de tempo :04-dez-2018 03:46:57:404 GMT
Política do carimbo de tempo :2.16.76.1.6.2
Número de série do carimbo de tempo :697242
Certificado da Autoridade de carimbo de tempo :4: C=BR,O=ICP-Brasil,OU=Certificado de Carimbo do Tempo,OU=ARSERPRO,OU=Autoridade Certificadora da SERPROACF TIMESTAMPING,CN=PDDE50099 - SCT SERPRO
Algoritimo de hash para o carimbo de tempo :2.16.840.1.101.3.4.2.1
Resumo(hash) do carimbo de tempo em formato hexadecimal  :D32B27CE202167F5433DD3EE9CA1F645A019330D68C809C5729B7FC2F66A33C8
Resumo (hash) do carimbo de tempo em formato base64 :0ysnziAhZ/VDPdPunKH2RaAZMw1oyAnFcpt/wvZqM8g=
Resumo (hash) do carimbo de tempo:[B@3835c46

2018-12-04 03:46:57 INFO  TimeStampOperator:365 - Verificada(s) 1 assinatura(s).
2018-12-04 03:46:57 INFO  TimeStampOperator:381 - Resumo  incluso no carimbo de tempo com resumo do arquivo carimbado verificado com sucesso.
2018-12-04 03:46:57 INFO  CAdESSigner:779 - Assinatura gerada com sucesso!
2018-12-04 03:49:55 INFO  Configuration:178 - Driver carregado [TokenOuSmartCard_17_watchdata]
2018-12-04 03:49:55 INFO  Configuration:178 - Driver carregado [TokenOuSmartCard_18_watchdata]
2018-12-04 03:50:00 INFO  CAManager:236 - Procurando certificado no Provider: Provedor OFFLINE de cadeias ICP-Brasil  (icpbrasil.jks)
2018-12-04 03:50:00 INFO  CAManager:288 - Foram encontrados 4 níveis na cadeia do provider Provedor OFFLINE de cadeias ICP-Brasil  (icpbrasil.jks) 
2018-12-04 03:50:00 INFO  BasicCertificate:607 - Adicionando a url http://repositorio.serpro.gov.br/lcr/acserproacfv4.crl
2018-12-04 03:50:00 INFO  BasicCertificate:607 - Adicionando a url http://certificados2.serpro.gov.br/lcr/acserproacfv4.crl
2018-12-04 03:50:00 INFO  BasicCertificate:607 - Adicionando a url http://repositorio.icpbrasil.gov.br/lcr/serpro/acserproacfv4.crl
2018-12-04 03:50:01 INFO  OnLineCRLRepository:86 - Foi encontrada uma LCR válida: http://repositorio.serpro.gov.br/lcr/acserproacfv4.crl
2018-12-04 03:50:01 INFO  CAdESSigner:606 - OID do algoritmo que irá gerar assinatura: 1.2.840.113549.1.1.11
2018-12-04 03:50:01 INFO  CAdESSigner:607 - Nome do  algoritmo que irá gerar a assinatura : SHA256withRSA
2018-12-04 03:50:01 INFO  CAdESSigner:609 - Tamanho mínimo para chave:  2.048
2018-12-04 03:50:01 INFO  CAdESSigner:611 - Validando o tamanho da chave.
2018-12-04 03:50:01 INFO  CAdESSigner:623 - Efetuando a verificação dos atributos assinados
2018-12-04 03:50:01 INFO  CAdESSigner:655 - Ponto de Confiança ... CN=Autoridade Certificadora Raiz Brasileira v5, OU=Instituto Nacional de Tecnologia da Informacao - ITI, O=ICP-Brasil, C=BR
2018-12-04 03:50:01 INFO  CAdESSigner:655 - Ponto de Confiança ... CN=Autoridade Certificadora Raiz Brasileira v2, OU=Instituto Nacional de Tecnologia da Informacao - ITI, O=ICP-Brasil, C=BR
2018-12-04 03:50:01 INFO  CAdESSigner:667 - CN=Autoridade Certificadora SERPRO v3, OU=Autoridade Certificadora Raiz Brasileira v2, O=ICP-Brasil, C=BR
2018-12-04 03:50:01 INFO  CAdESSigner:667 - CN=Autoridade Certificadora Raiz Brasileira v2, OU=Instituto Nacional de Tecnologia da Informacao - ITI, O=ICP-Brasil, C=BR
2018-12-04 03:50:01 INFO  CAdESSigner:667 - CN=Autoridade Certificadora Raiz Brasileira v2, OU=Instituto Nacional de Tecnologia da Informacao - ITI, O=ICP-Brasil, C=BR
2018-12-04 03:50:01 INFO  CAdESSigner:667 - CN=Autoridade Certificadora do SERPRO Final v4, OU=Servico Federal de Processamento de Dados - SERPRO, OU=CSPB-1, O=ICP-Brasil, C=BR
2018-12-04 03:50:01 INFO  CAdESSigner:673 - O certificado pertence a cadeia CN=Autoridade Certificadora Raiz Brasileira v2, OU=Instituto Nacional de Tecnologia da Informacao - ITI, O=ICP-Brasil, C=BR que é permitida pela política  para gerar a assinatura.
2018-12-04 03:50:01 INFO  CAdESSigner:683 - Verificando o período de validade da politica
2018-12-04 03:50:01 INFO  CAdESSigner:363 - Adicionando Certificado no CertStore
2018-12-04 03:50:01 INFO  CAdESSigner:691 - OID do algoritmo que irá gerar assinatura: 1.2.840.113549.1.1.11
2018-12-04 03:50:01 INFO  CAdESSigner:717 - Efetuando a verificação dos atributos NÃO assinados
2018-12-04 03:50:01 INFO  TimeStampToken:97 - Carregando o serviço do carimbador de tempo.
2018-12-04 03:50:01 INFO  TimeStampOperator:114 - Gerando o digest do conteúdo para a requisição do carimbo de tempo
2018-12-04 03:50:01 INFO  TimeStampOperator:119 - Windows foi detectado definindo o Algoritmo para SHA256
2018-12-04 03:50:01 INFO  TimeStampOperator:138 - Montando a requisição para o carimbador de tempo
2018-12-04 03:50:01 INFO  TimeStampOperator:145 - Efetuando a  assinatura do conteúdo para requisição.
2018-12-04 03:50:01 INFO  RequestSigner:83 - Efetuando a  assinatura do conteúdo para requisição.
2018-12-04 03:50:01 INFO  TimeStampOperator:187 - Iniciando pedido de carimbo de tempo
2018-12-04 03:50:01 INFO  ConnectorFactory:65 - Retornando uma conexão tipo SOCKET da fábrica.
2018-12-04 03:50:01 INFO  TimeStampOperator:192 - Obtendo a resposta do carimbo de tempo
2018-12-04 03:50:01 INFO  SocketConnector:83 - Envia a solicitação de conexão para o servidor de carimbo de tempo.
2018-12-04 03:50:02 INFO  SocketConnector:86 - Conectado [true] na url [act.serpro.gov.br] e porta [318]
2018-12-04 03:50:02 INFO  SocketConnector:88 - Escrevendo no socket
2018-12-04 03:50:02 INFO  SocketConnector:96 - Obtendo a resposta do socket do servidor de carimbo de tempo.
2018-12-04 03:50:02 INFO  TimeStampOperator:239 - Situação da resposta do carimbo de tempo.: 0
2018-12-04 03:50:02 INFO  TimeStampOperator:243 - O token de carimbo de tempo está presente, conforme solicitado
2018-12-04 03:50:02 INFO  TimeStampOperator:280 - valor do retorno de falhas na requisição do carimbo = -1  valor igual a -1 indica que não há retorno de falhas.
2018-12-04 03:50:02 INFO  TimeStampOperator:320 - 
Data e  hora do carimbo de tempo :04-dez-2018 03:50:01:841 GMT
Política do carimbo de tempo :2.16.76.1.6.2
Número de série do carimbo de tempo :697245
Certificado da Autoridade de carimbo de tempo :4: C=BR,O=ICP-Brasil,OU=Certificado de Carimbo do Tempo,OU=ARSERPRO,OU=Autoridade Certificadora da SERPROACF TIMESTAMPING,CN=PDDE50099 - SCT SERPRO
Algoritimo de hash para o carimbo de tempo :2.16.840.1.101.3.4.2.1
Resumo(hash) do carimbo de tempo em formato hexadecimal  :C8CD15D352BB580D7311391131777C753FBC92CAB654137AEF8FE41E6AF01E40
Resumo (hash) do carimbo de tempo em formato base64 :yM0V01K7WA1zETkRMXd8dT+8ksq2VBN674/kHmrwHkA=
Resumo (hash) do carimbo de tempo:[B@5c33f1a9

2018-12-04 03:50:02 INFO  TimeStampOperator:365 - Verificada(s) 1 assinatura(s).
2018-12-04 03:50:02 INFO  TimeStampOperator:381 - Resumo  incluso no carimbo de tempo com resumo do arquivo carimbado verificado com sucesso.
2018-12-04 03:50:02 INFO  CAdESSigner:779 - Assinatura gerada com sucesso!
2018-12-04 03:50:40 INFO  Configuration:178 - Driver carregado [TokenOuSmartCard_17_watchdata]
2018-12-04 03:50:40 INFO  Configuration:178 - Driver carregado [TokenOuSmartCard_18_watchdata]
2018-12-04 03:50:45 INFO  CAManager:236 - Procurando certificado no Provider: Provedor OFFLINE de cadeias ICP-Brasil  (icpbrasil.jks)
2018-12-04 03:50:45 INFO  CAManager:288 - Foram encontrados 4 níveis na cadeia do provider Provedor OFFLINE de cadeias ICP-Brasil  (icpbrasil.jks) 
2018-12-04 03:50:45 INFO  BasicCertificate:607 - Adicionando a url http://repositorio.serpro.gov.br/lcr/acserproacfv4.crl
2018-12-04 03:50:45 INFO  BasicCertificate:607 - Adicionando a url http://certificados2.serpro.gov.br/lcr/acserproacfv4.crl
2018-12-04 03:50:45 INFO  BasicCertificate:607 - Adicionando a url http://repositorio.icpbrasil.gov.br/lcr/serpro/acserproacfv4.crl
2018-12-04 03:50:45 INFO  OnLineCRLRepository:86 - Foi encontrada uma LCR válida: http://repositorio.serpro.gov.br/lcr/acserproacfv4.crl
2018-12-04 03:50:45 INFO  CAdESSigner:606 - OID do algoritmo que irá gerar assinatura: 1.2.840.113549.1.1.13
2018-12-04 03:50:45 INFO  CAdESSigner:607 - Nome do  algoritmo que irá gerar a assinatura : SHA512withRSA
2018-12-04 03:50:45 INFO  CAdESSigner:609 - Tamanho mínimo para chave:  2.048
2018-12-04 03:50:45 INFO  CAdESSigner:611 - Validando o tamanho da chave.
2018-12-04 03:50:45 INFO  CAdESSigner:623 - Efetuando a verificação dos atributos assinados
2018-12-04 03:50:45 INFO  CAdESSigner:655 - Ponto de Confiança ... CN=Autoridade Certificadora Raiz Brasileira v5, OU=Instituto Nacional de Tecnologia da Informacao - ITI, O=ICP-Brasil, C=BR
2018-12-04 03:50:45 INFO  CAdESSigner:655 - Ponto de Confiança ... CN=Autoridade Certificadora Raiz Brasileira v2, OU=Instituto Nacional de Tecnologia da Informacao - ITI, O=ICP-Brasil, C=BR
2018-12-04 03:50:45 INFO  CAdESSigner:667 - CN=Autoridade Certificadora SERPRO v3, OU=Autoridade Certificadora Raiz Brasileira v2, O=ICP-Brasil, C=BR
2018-12-04 03:50:45 INFO  CAdESSigner:667 - CN=Autoridade Certificadora Raiz Brasileira v2, OU=Instituto Nacional de Tecnologia da Informacao - ITI, O=ICP-Brasil, C=BR
2018-12-04 03:50:45 INFO  CAdESSigner:667 - CN=Autoridade Certificadora Raiz Brasileira v2, OU=Instituto Nacional de Tecnologia da Informacao - ITI, O=ICP-Brasil, C=BR
2018-12-04 03:50:45 INFO  CAdESSigner:667 - CN=Autoridade Certificadora do SERPRO Final v4, OU=Servico Federal de Processamento de Dados - SERPRO, OU=CSPB-1, O=ICP-Brasil, C=BR
2018-12-04 03:50:45 INFO  CAdESSigner:673 - O certificado pertence a cadeia CN=Autoridade Certificadora Raiz Brasileira v2, OU=Instituto Nacional de Tecnologia da Informacao - ITI, O=ICP-Brasil, C=BR que é permitida pela política  para gerar a assinatura.
2018-12-04 03:50:45 INFO  CAdESSigner:683 - Verificando o período de validade da politica
2018-12-04 03:50:45 INFO  CAdESSigner:363 - Adicionando Certificado no CertStore
2018-12-04 03:50:45 INFO  CAdESSigner:691 - OID do algoritmo que irá gerar assinatura: 1.2.840.113549.1.1.13
2018-12-04 03:52:22 INFO  Configuration:178 - Driver carregado [TokenOuSmartCard_17_watchdata]
2018-12-04 03:52:22 INFO  Configuration:178 - Driver carregado [TokenOuSmartCard_18_watchdata]
2018-12-04 03:56:08 INFO  Configuration:178 - Driver carregado [TokenOuSmartCard_17_watchdata]
2018-12-04 03:56:08 INFO  Configuration:178 - Driver carregado [TokenOuSmartCard_18_watchdata]
2018-12-04 04:02:11 INFO  Configuration:178 - Driver carregado [TokenOuSmartCard_17_watchdata]
2018-12-04 04:02:11 INFO  Configuration:178 - Driver carregado [TokenOuSmartCard_18_watchdata]
2018-12-04 04:04:00 INFO  Configuration:178 - Driver carregado [TokenOuSmartCard_17_watchdata]
2018-12-04 04:04:00 INFO  Configuration:178 - Driver carregado [TokenOuSmartCard_18_watchdata]
2018-12-04 04:04:51 INFO  Configuration:178 - Driver carregado [TokenOuSmartCard_17_watchdata]
2018-12-04 04:04:51 INFO  Configuration:178 - Driver carregado [TokenOuSmartCard_18_watchdata]
2018-12-04 04:09:04 INFO  Configuration:178 - Driver carregado [TokenOuSmartCard_17_watchdata]
2018-12-04 04:09:04 INFO  Configuration:178 - Driver carregado [TokenOuSmartCard_18_watchdata]
2018-12-04 04:09:41 INFO  Configuration:178 - Driver carregado [TokenOuSmartCard_17_watchdata]
2018-12-04 04:09:41 INFO  Configuration:178 - Driver carregado [TokenOuSmartCard_18_watchdata]
2018-12-04 04:17:56 INFO  Configuration:178 - Driver carregado [TokenOuSmartCard_17_watchdata]
2018-12-04 04:17:56 INFO  Configuration:178 - Driver carregado [TokenOuSmartCard_18_watchdata]
2018-12-04 04:18:02 INFO  CAManager:236 - Procurando certificado no Provider: Provedor OFFLINE de cadeias ICP-Brasil  (icpbrasil.jks)
2018-12-04 04:18:02 ERROR CAManager:297 - Nao foi possivel resgatar as CAs do provedor Provedor OFFLINE de cadeias ICP-Brasil  (icpbrasil.jks)
2018-12-04 04:18:02 INFO  CAManager:236 - Procurando certificado no Provider: Provedor OFFLINE de cadeias ICP-Brasil arquivo no diretorio local do usuário C:\Users\JoséRené\.java\signer\ACcompactado.zip
2018-12-04 04:18:02 ERROR CAManager:297 - Nao foi possivel resgatar as CAs do provedor Provedor OFFLINE de cadeias ICP-Brasil arquivo no diretorio local do usuário C:\Users\JoséRené\.java\signer\ACcompactado.zip
2018-12-04 04:18:02 INFO  CAManager:236 - Procurando certificado no Provider: Provedor ONLINE de cadeias ICP-Brasil  do SERPRO (http://repositorio.serpro.gov.br/icp-brasil/ACcompactado.zip)
2018-12-04 04:18:02 ERROR CAManager:297 - Nao foi possivel resgatar as CAs do provedor Provedor ONLINE de cadeias ICP-Brasil  do SERPRO (http://repositorio.serpro.gov.br/icp-brasil/ACcompactado.zip)
2018-12-04 04:18:02 INFO  CAManager:236 - Procurando certificado no Provider: Provedor ONLINE de cadeias ICP-Brasil  do ITI (http://acraiz.icpbrasil.gov.br/credenciadas/CertificadosAC-ICP-Brasil/ACcompactado.zip)
2018-12-04 04:18:02 ERROR CAManager:297 - Nao foi possivel resgatar as CAs do provedor Provedor ONLINE de cadeias ICP-Brasil  do ITI (http://acraiz.icpbrasil.gov.br/credenciadas/CertificadosAC-ICP-Brasil/ACcompactado.zip)
2018-12-04 04:19:11 INFO  Configuration:178 - Driver carregado [TokenOuSmartCard_17_watchdata]
2018-12-04 04:19:11 INFO  Configuration:178 - Driver carregado [TokenOuSmartCard_18_watchdata]
2018-12-04 04:20:25 INFO  Configuration:178 - Driver carregado [TokenOuSmartCard_17_watchdata]
2018-12-04 04:20:25 INFO  Configuration:178 - Driver carregado [TokenOuSmartCard_18_watchdata]
2018-12-04 04:21:22 INFO  Configuration:178 - Driver carregado [TokenOuSmartCard_17_watchdata]
2018-12-04 04:21:22 INFO  Configuration:178 - Driver carregado [TokenOuSmartCard_18_watchdata]
2018-12-04 04:21:27 INFO  CAManager:236 - Procurando certificado no Provider: Provedor OFFLINE de cadeias ICP-Brasil  (icpbrasil.jks)
2018-12-04 04:21:28 INFO  CAManager:288 - Foram encontrados 4 níveis na cadeia do provider Provedor OFFLINE de cadeias ICP-Brasil  (icpbrasil.jks) 
2018-12-04 04:21:28 INFO  BasicCertificate:607 - Adicionando a url http://repositorio.serpro.gov.br/lcr/acserproacfv4.crl
2018-12-04 04:21:28 INFO  BasicCertificate:607 - Adicionando a url http://certificados2.serpro.gov.br/lcr/acserproacfv4.crl
2018-12-04 04:21:28 INFO  BasicCertificate:607 - Adicionando a url http://repositorio.icpbrasil.gov.br/lcr/serpro/acserproacfv4.crl
2018-12-04 04:21:28 INFO  OnLineCRLRepository:86 - Foi encontrada uma LCR válida: http://repositorio.serpro.gov.br/lcr/acserproacfv4.crl
2018-12-04 04:21:28 INFO  CAdESSigner:606 - OID do algoritmo que irá gerar assinatura: 1.2.840.113549.1.1.13
2018-12-04 04:21:28 INFO  CAdESSigner:607 - Nome do  algoritmo que irá gerar a assinatura : SHA512withRSA
2018-12-04 04:21:28 INFO  CAdESSigner:609 - Tamanho mínimo para chave:  2.048
2018-12-04 04:21:28 INFO  CAdESSigner:611 - Validando o tamanho da chave.
2018-12-04 04:21:28 INFO  CAdESSigner:623 - Efetuando a verificação dos atributos assinados
2018-12-04 04:21:28 INFO  CAdESSigner:655 - Ponto de Confiança ... CN=Autoridade Certificadora Raiz Brasileira v5, OU=Instituto Nacional de Tecnologia da Informacao - ITI, O=ICP-Brasil, C=BR
2018-12-04 04:21:28 INFO  CAdESSigner:655 - Ponto de Confiança ... CN=Autoridade Certificadora Raiz Brasileira v2, OU=Instituto Nacional de Tecnologia da Informacao - ITI, O=ICP-Brasil, C=BR
2018-12-04 04:21:28 INFO  CAdESSigner:667 - CN=Autoridade Certificadora SERPRO v3, OU=Autoridade Certificadora Raiz Brasileira v2, O=ICP-Brasil, C=BR
2018-12-04 04:21:28 INFO  CAdESSigner:667 - CN=Autoridade Certificadora Raiz Brasileira v2, OU=Instituto Nacional de Tecnologia da Informacao - ITI, O=ICP-Brasil, C=BR
2018-12-04 04:21:28 INFO  CAdESSigner:667 - CN=Autoridade Certificadora Raiz Brasileira v2, OU=Instituto Nacional de Tecnologia da Informacao - ITI, O=ICP-Brasil, C=BR
2018-12-04 04:21:28 INFO  CAdESSigner:667 - CN=Autoridade Certificadora do SERPRO Final v4, OU=Servico Federal de Processamento de Dados - SERPRO, OU=CSPB-1, O=ICP-Brasil, C=BR
2018-12-04 04:21:28 INFO  CAdESSigner:673 - O certificado pertence a cadeia CN=Autoridade Certificadora Raiz Brasileira v2, OU=Instituto Nacional de Tecnologia da Informacao - ITI, O=ICP-Brasil, C=BR que é permitida pela política  para gerar a assinatura.
2018-12-04 04:21:28 INFO  CAdESSigner:683 - Verificando o período de validade da politica
2018-12-04 04:21:28 INFO  CAdESSigner:363 - Adicionando Certificado no CertStore
2018-12-04 04:21:28 INFO  CAdESSigner:691 - OID do algoritmo que irá gerar assinatura: 1.2.840.113549.1.1.13
2018-12-04 04:21:28 INFO  CAdESSigner:717 - Efetuando a verificação dos atributos NÃO assinados
2018-12-04 04:21:28 INFO  TimeStampToken:97 - Carregando o serviço do carimbador de tempo.
2018-12-04 04:21:28 INFO  TimeStampOperator:114 - Gerando o digest do conteúdo para a requisição do carimbo de tempo
2018-12-04 04:21:28 INFO  TimeStampOperator:119 - Windows foi detectado definindo o Algoritmo para SHA256
2018-12-04 04:21:28 INFO  TimeStampOperator:138 - Montando a requisição para o carimbador de tempo
2018-12-04 04:21:28 INFO  TimeStampOperator:145 - Efetuando a  assinatura do conteúdo para requisição.
2018-12-04 04:21:28 INFO  RequestSigner:83 - Efetuando a  assinatura do conteúdo para requisição.
2018-12-04 04:21:29 INFO  TimeStampOperator:187 - Iniciando pedido de carimbo de tempo
2018-12-04 04:21:29 INFO  ConnectorFactory:65 - Retornando uma conexão tipo SOCKET da fábrica.
2018-12-04 04:21:29 INFO  TimeStampOperator:192 - Obtendo a resposta do carimbo de tempo
2018-12-04 04:21:29 INFO  SocketConnector:83 - Envia a solicitação de conexão para o servidor de carimbo de tempo.
2018-12-04 04:21:29 INFO  SocketConnector:86 - Conectado [true] na url [act.serpro.gov.br] e porta [318]
2018-12-04 04:21:29 INFO  SocketConnector:88 - Escrevendo no socket
2018-12-04 04:21:29 INFO  SocketConnector:96 - Obtendo a resposta do socket do servidor de carimbo de tempo.
2018-12-04 04:21:29 INFO  TimeStampOperator:239 - Situação da resposta do carimbo de tempo.: 0
2018-12-04 04:21:29 INFO  TimeStampOperator:243 - O token de carimbo de tempo está presente, conforme solicitado
2018-12-04 04:21:29 INFO  TimeStampOperator:280 - valor do retorno de falhas na requisição do carimbo = -1  valor igual a -1 indica que não há retorno de falhas.
2018-12-04 04:21:29 INFO  TimeStampOperator:320 - 
Data e  hora do carimbo de tempo :04-dez-2018 04:21:29:232 GMT
Política do carimbo de tempo :2.16.76.1.6.2
Número de série do carimbo de tempo :749681
Certificado da Autoridade de carimbo de tempo :4: C=BR,O=ICP-Brasil,OU=Certificado de Carimbo do Tempo,OU=ARSERPRO,OU=Autoridade Certificadora da SERPROACF TIMESTAMPING,CN=PDDE50096 - SCT SERPRO
Algoritimo de hash para o carimbo de tempo :2.16.840.1.101.3.4.2.1
Resumo(hash) do carimbo de tempo em formato hexadecimal  :8AD241CFDA8787AAFF97440B75D71D5AF68B70049BB6990587C54E1F1A1E76BF
Resumo (hash) do carimbo de tempo em formato base64 :itJBz9qHh6r/l0QLddcdWvaLcASbtpkFh8VOHxoedr8=
Resumo (hash) do carimbo de tempo:[B@5e0e82ae

2018-12-04 04:21:29 INFO  TimeStampOperator:365 - Verificada(s) 1 assinatura(s).
2018-12-04 04:21:29 INFO  TimeStampOperator:381 - Resumo  incluso no carimbo de tempo com resumo do arquivo carimbado verificado com sucesso.
2018-12-04 04:21:29 INFO  CAdESSigner:779 - Assinatura gerada com sucesso!
2018-12-04 04:26:26 INFO  Configuration:178 - Driver carregado [TokenOuSmartCard_17_watchdata]
2018-12-04 04:26:26 INFO  Configuration:178 - Driver carregado [TokenOuSmartCard_18_watchdata]
2018-12-04 04:27:05 INFO  CAManager:236 - Procurando certificado no Provider: Provedor OFFLINE de cadeias ICP-Brasil  (icpbrasil.jks)
2018-12-04 04:27:05 INFO  CAManager:288 - Foram encontrados 4 níveis na cadeia do provider Provedor OFFLINE de cadeias ICP-Brasil  (icpbrasil.jks) 
2018-12-04 04:27:05 INFO  BasicCertificate:607 - Adicionando a url http://repositorio.serpro.gov.br/lcr/acserproacfv4.crl
2018-12-04 04:27:05 INFO  BasicCertificate:607 - Adicionando a url http://certificados2.serpro.gov.br/lcr/acserproacfv4.crl
2018-12-04 04:27:05 INFO  BasicCertificate:607 - Adicionando a url http://repositorio.icpbrasil.gov.br/lcr/serpro/acserproacfv4.crl
2018-12-04 04:27:05 INFO  OnLineCRLRepository:86 - Foi encontrada uma LCR válida: http://repositorio.serpro.gov.br/lcr/acserproacfv4.crl
2018-12-04 04:27:05 INFO  CAdESSigner:606 - OID do algoritmo que irá gerar assinatura: 1.2.840.113549.1.1.13
2018-12-04 04:27:05 INFO  CAdESSigner:607 - Nome do  algoritmo que irá gerar a assinatura : SHA512withRSA
2018-12-04 04:27:05 INFO  CAdESSigner:609 - Tamanho mínimo para chave:  2.048
2018-12-04 04:27:05 INFO  CAdESSigner:611 - Validando o tamanho da chave.
2018-12-04 04:27:05 INFO  CAdESSigner:623 - Efetuando a verificação dos atributos assinados
2018-12-04 04:27:05 INFO  CAdESSigner:655 - Ponto de Confiança ... CN=Autoridade Certificadora Raiz Brasileira v5, OU=Instituto Nacional de Tecnologia da Informacao - ITI, O=ICP-Brasil, C=BR
2018-12-04 04:27:05 INFO  CAdESSigner:655 - Ponto de Confiança ... CN=Autoridade Certificadora Raiz Brasileira v2, OU=Instituto Nacional de Tecnologia da Informacao - ITI, O=ICP-Brasil, C=BR
2018-12-04 04:27:05 INFO  CAdESSigner:667 - CN=Autoridade Certificadora SERPRO v3, OU=Autoridade Certificadora Raiz Brasileira v2, O=ICP-Brasil, C=BR
2018-12-04 04:27:05 INFO  CAdESSigner:667 - CN=Autoridade Certificadora Raiz Brasileira v2, OU=Instituto Nacional de Tecnologia da Informacao - ITI, O=ICP-Brasil, C=BR
2018-12-04 04:27:05 INFO  CAdESSigner:667 - CN=Autoridade Certificadora Raiz Brasileira v2, OU=Instituto Nacional de Tecnologia da Informacao - ITI, O=ICP-Brasil, C=BR
2018-12-04 04:27:05 INFO  CAdESSigner:667 - CN=Autoridade Certificadora do SERPRO Final v4, OU=Servico Federal de Processamento de Dados - SERPRO, OU=CSPB-1, O=ICP-Brasil, C=BR
2018-12-04 04:27:05 INFO  CAdESSigner:673 - O certificado pertence a cadeia CN=Autoridade Certificadora Raiz Brasileira v2, OU=Instituto Nacional de Tecnologia da Informacao - ITI, O=ICP-Brasil, C=BR que é permitida pela política  para gerar a assinatura.
2018-12-04 04:27:05 INFO  CAdESSigner:683 - Verificando o período de validade da politica
2018-12-04 04:27:05 INFO  CAdESSigner:363 - Adicionando Certificado no CertStore
2018-12-04 04:27:05 INFO  CAdESSigner:691 - OID do algoritmo que irá gerar assinatura: 1.2.840.113549.1.1.13
2018-12-04 04:27:06 INFO  CAdESSigner:717 - Efetuando a verificação dos atributos NÃO assinados
2018-12-04 04:27:06 INFO  TimeStampToken:97 - Carregando o serviço do carimbador de tempo.
2018-12-04 04:27:06 INFO  TimeStampOperator:114 - Gerando o digest do conteúdo para a requisição do carimbo de tempo
2018-12-04 04:27:06 INFO  TimeStampOperator:119 - Windows foi detectado definindo o Algoritmo para SHA256
2018-12-04 04:27:06 INFO  TimeStampOperator:138 - Montando a requisição para o carimbador de tempo
2018-12-04 04:27:06 INFO  TimeStampOperator:145 - Efetuando a  assinatura do conteúdo para requisição.
2018-12-04 04:27:06 INFO  RequestSigner:83 - Efetuando a  assinatura do conteúdo para requisição.
2018-12-04 04:27:06 INFO  TimeStampOperator:187 - Iniciando pedido de carimbo de tempo
2018-12-04 04:27:06 INFO  ConnectorFactory:65 - Retornando uma conexão tipo SOCKET da fábrica.
2018-12-04 04:27:06 INFO  TimeStampOperator:192 - Obtendo a resposta do carimbo de tempo
2018-12-04 04:27:06 INFO  SocketConnector:83 - Envia a solicitação de conexão para o servidor de carimbo de tempo.
2018-12-04 04:27:06 INFO  SocketConnector:86 - Conectado [true] na url [act.serpro.gov.br] e porta [318]
2018-12-04 04:27:06 INFO  SocketConnector:88 - Escrevendo no socket
2018-12-04 04:27:06 INFO  SocketConnector:96 - Obtendo a resposta do socket do servidor de carimbo de tempo.
2018-12-04 04:27:06 INFO  TimeStampOperator:239 - Situação da resposta do carimbo de tempo.: 0
2018-12-04 04:27:06 INFO  TimeStampOperator:243 - O token de carimbo de tempo está presente, conforme solicitado
2018-12-04 04:27:06 INFO  TimeStampOperator:280 - valor do retorno de falhas na requisição do carimbo = -1  valor igual a -1 indica que não há retorno de falhas.
2018-12-04 04:27:06 INFO  TimeStampOperator:320 - 
Data e  hora do carimbo de tempo :04-dez-2018 04:27:06:417 GMT
Política do carimbo de tempo :2.16.76.1.6.2
Número de série do carimbo de tempo :697279
Certificado da Autoridade de carimbo de tempo :4: C=BR,O=ICP-Brasil,OU=Certificado de Carimbo do Tempo,OU=ARSERPRO,OU=Autoridade Certificadora da SERPROACF TIMESTAMPING,CN=PDDE50099 - SCT SERPRO
Algoritimo de hash para o carimbo de tempo :2.16.840.1.101.3.4.2.1
Resumo(hash) do carimbo de tempo em formato hexadecimal  :EA1BC0289657F1174EEFB29E35A481F090BEA078DF747A63205210612796DC13
Resumo (hash) do carimbo de tempo em formato base64 :6hvAKJZX8RdO77KeNaSB8JC+oHjfdHpjIFIQYSeW3BM=
Resumo (hash) do carimbo de tempo:[B@6127a7e

2018-12-04 04:27:06 INFO  TimeStampOperator:365 - Verificada(s) 1 assinatura(s).
2018-12-04 04:27:06 INFO  TimeStampOperator:381 - Resumo  incluso no carimbo de tempo com resumo do arquivo carimbado verificado com sucesso.
2018-12-04 04:27:06 INFO  CAdESSigner:779 - Assinatura gerada com sucesso!
2018-12-04 04:28:15 INFO  Configuration:178 - Driver carregado [TokenOuSmartCard_17_watchdata]
2018-12-04 04:28:15 INFO  Configuration:178 - Driver carregado [TokenOuSmartCard_18_watchdata]
2018-12-04 04:28:21 INFO  CAManager:236 - Procurando certificado no Provider: Provedor OFFLINE de cadeias ICP-Brasil  (icpbrasil.jks)
2018-12-04 04:28:21 INFO  CAManager:288 - Foram encontrados 4 níveis na cadeia do provider Provedor OFFLINE de cadeias ICP-Brasil  (icpbrasil.jks) 
2018-12-04 04:28:21 INFO  BasicCertificate:607 - Adicionando a url http://repositorio.serpro.gov.br/lcr/acserproacfv4.crl
2018-12-04 04:28:21 INFO  BasicCertificate:607 - Adicionando a url http://certificados2.serpro.gov.br/lcr/acserproacfv4.crl
2018-12-04 04:28:21 INFO  BasicCertificate:607 - Adicionando a url http://repositorio.icpbrasil.gov.br/lcr/serpro/acserproacfv4.crl
2018-12-04 04:28:21 INFO  OnLineCRLRepository:86 - Foi encontrada uma LCR válida: http://repositorio.serpro.gov.br/lcr/acserproacfv4.crl
2018-12-04 04:28:21 INFO  CAdESSigner:606 - OID do algoritmo que irá gerar assinatura: 1.2.840.113549.1.1.13
2018-12-04 04:28:21 INFO  CAdESSigner:607 - Nome do  algoritmo que irá gerar a assinatura : SHA512withRSA
2018-12-04 04:28:21 INFO  CAdESSigner:609 - Tamanho mínimo para chave:  2.048
2018-12-04 04:28:21 INFO  CAdESSigner:611 - Validando o tamanho da chave.
2018-12-04 04:28:21 INFO  CAdESSigner:623 - Efetuando a verificação dos atributos assinados
2018-12-04 04:28:21 INFO  CAdESSigner:655 - Ponto de Confiança ... CN=Autoridade Certificadora Raiz Brasileira v5, OU=Instituto Nacional de Tecnologia da Informacao - ITI, O=ICP-Brasil, C=BR
2018-12-04 04:28:21 INFO  CAdESSigner:655 - Ponto de Confiança ... CN=Autoridade Certificadora Raiz Brasileira v2, OU=Instituto Nacional de Tecnologia da Informacao - ITI, O=ICP-Brasil, C=BR
2018-12-04 04:28:21 INFO  CAdESSigner:667 - CN=Autoridade Certificadora SERPRO v3, OU=Autoridade Certificadora Raiz Brasileira v2, O=ICP-Brasil, C=BR
2018-12-04 04:28:21 INFO  CAdESSigner:667 - CN=Autoridade Certificadora Raiz Brasileira v2, OU=Instituto Nacional de Tecnologia da Informacao - ITI, O=ICP-Brasil, C=BR
2018-12-04 04:28:21 INFO  CAdESSigner:667 - CN=Autoridade Certificadora Raiz Brasileira v2, OU=Instituto Nacional de Tecnologia da Informacao - ITI, O=ICP-Brasil, C=BR
2018-12-04 04:28:21 INFO  CAdESSigner:667 - CN=Autoridade Certificadora do SERPRO Final v4, OU=Servico Federal de Processamento de Dados - SERPRO, OU=CSPB-1, O=ICP-Brasil, C=BR
2018-12-04 04:28:21 INFO  CAdESSigner:673 - O certificado pertence a cadeia CN=Autoridade Certificadora Raiz Brasileira v2, OU=Instituto Nacional de Tecnologia da Informacao - ITI, O=ICP-Brasil, C=BR que é permitida pela política  para gerar a assinatura.
2018-12-04 04:28:21 INFO  CAdESSigner:683 - Verificando o período de validade da politica
2018-12-04 04:28:21 INFO  CAdESSigner:363 - Adicionando Certificado no CertStore
2018-12-04 04:28:21 INFO  CAdESSigner:691 - OID do algoritmo que irá gerar assinatura: 1.2.840.113549.1.1.13
2018-12-04 04:28:22 INFO  CAdESSigner:717 - Efetuando a verificação dos atributos NÃO assinados
2018-12-04 04:28:22 INFO  TimeStampToken:97 - Carregando o serviço do carimbador de tempo.
2018-12-04 04:28:22 INFO  TimeStampOperator:114 - Gerando o digest do conteúdo para a requisição do carimbo de tempo
2018-12-04 04:28:22 INFO  TimeStampOperator:119 - Windows foi detectado definindo o Algoritmo para SHA256
2018-12-04 04:28:22 INFO  TimeStampOperator:138 - Montando a requisição para o carimbador de tempo
2018-12-04 04:28:22 INFO  TimeStampOperator:145 - Efetuando a  assinatura do conteúdo para requisição.
2018-12-04 04:28:22 INFO  RequestSigner:83 - Efetuando a  assinatura do conteúdo para requisição.
2018-12-04 04:28:22 INFO  TimeStampOperator:187 - Iniciando pedido de carimbo de tempo
2018-12-04 04:28:22 INFO  ConnectorFactory:65 - Retornando uma conexão tipo SOCKET da fábrica.
2018-12-04 04:28:22 INFO  TimeStampOperator:192 - Obtendo a resposta do carimbo de tempo
2018-12-04 04:28:22 INFO  SocketConnector:83 - Envia a solicitação de conexão para o servidor de carimbo de tempo.
2018-12-04 04:28:22 INFO  SocketConnector:86 - Conectado [true] na url [act.serpro.gov.br] e porta [318]
2018-12-04 04:28:22 INFO  SocketConnector:88 - Escrevendo no socket
2018-12-04 04:28:22 INFO  SocketConnector:96 - Obtendo a resposta do socket do servidor de carimbo de tempo.
2018-12-04 04:28:22 INFO  TimeStampOperator:239 - Situação da resposta do carimbo de tempo.: 0
2018-12-04 04:28:22 INFO  TimeStampOperator:243 - O token de carimbo de tempo está presente, conforme solicitado
2018-12-04 04:28:22 INFO  TimeStampOperator:280 - valor do retorno de falhas na requisição do carimbo = -1  valor igual a -1 indica que não há retorno de falhas.
2018-12-04 04:28:22 INFO  TimeStampOperator:320 - 
Data e  hora do carimbo de tempo :04-dez-2018 04:28:22:287 GMT
Política do carimbo de tempo :2.16.76.1.6.2
Número de série do carimbo de tempo :697280
Certificado da Autoridade de carimbo de tempo :4: C=BR,O=ICP-Brasil,OU=Certificado de Carimbo do Tempo,OU=ARSERPRO,OU=Autoridade Certificadora da SERPROACF TIMESTAMPING,CN=PDDE50099 - SCT SERPRO
Algoritimo de hash para o carimbo de tempo :2.16.840.1.101.3.4.2.1
Resumo(hash) do carimbo de tempo em formato hexadecimal  :F52EE3300936806A1C3DAEDE15577AE964A359834049304E16B3AF59BA2623D3
Resumo (hash) do carimbo de tempo em formato base64 :9S7jMAk2gGocPa7eFVd66WSjWYNASTBOFrOvWbomI9M=
Resumo (hash) do carimbo de tempo:[B@5e0e82ae

2018-12-04 04:28:22 INFO  TimeStampOperator:365 - Verificada(s) 1 assinatura(s).
2018-12-04 04:28:22 INFO  TimeStampOperator:381 - Resumo  incluso no carimbo de tempo com resumo do arquivo carimbado verificado com sucesso.
2018-12-04 04:28:22 INFO  CAdESSigner:779 - Assinatura gerada com sucesso!
2018-12-04 04:29:17 INFO  Configuration:178 - Driver carregado [TokenOuSmartCard_17_watchdata]
2018-12-04 04:29:17 INFO  Configuration:178 - Driver carregado [TokenOuSmartCard_18_watchdata]
2018-12-04 04:29:23 INFO  CAManager:236 - Procurando certificado no Provider: Provedor OFFLINE de cadeias ICP-Brasil  (icpbrasil.jks)
2018-12-04 04:29:23 INFO  CAManager:288 - Foram encontrados 4 níveis na cadeia do provider Provedor OFFLINE de cadeias ICP-Brasil  (icpbrasil.jks) 
2018-12-04 04:29:23 INFO  BasicCertificate:607 - Adicionando a url http://repositorio.serpro.gov.br/lcr/acserproacfv4.crl
2018-12-04 04:29:23 INFO  BasicCertificate:607 - Adicionando a url http://certificados2.serpro.gov.br/lcr/acserproacfv4.crl
2018-12-04 04:29:23 INFO  BasicCertificate:607 - Adicionando a url http://repositorio.icpbrasil.gov.br/lcr/serpro/acserproacfv4.crl
2018-12-04 04:29:23 INFO  OnLineCRLRepository:86 - Foi encontrada uma LCR válida: http://repositorio.serpro.gov.br/lcr/acserproacfv4.crl
2018-12-04 04:29:23 INFO  CAdESSigner:606 - OID do algoritmo que irá gerar assinatura: 1.2.840.113549.1.1.13
2018-12-04 04:29:23 INFO  CAdESSigner:607 - Nome do  algoritmo que irá gerar a assinatura : SHA512withRSA
2018-12-04 04:29:23 INFO  CAdESSigner:609 - Tamanho mínimo para chave:  2.048
2018-12-04 04:29:23 INFO  CAdESSigner:611 - Validando o tamanho da chave.
2018-12-04 04:29:23 INFO  CAdESSigner:623 - Efetuando a verificação dos atributos assinados
2018-12-04 04:29:23 INFO  CAdESSigner:655 - Ponto de Confiança ... CN=Autoridade Certificadora Raiz Brasileira v5, OU=Instituto Nacional de Tecnologia da Informacao - ITI, O=ICP-Brasil, C=BR
2018-12-04 04:29:23 INFO  CAdESSigner:655 - Ponto de Confiança ... CN=Autoridade Certificadora Raiz Brasileira v2, OU=Instituto Nacional de Tecnologia da Informacao - ITI, O=ICP-Brasil, C=BR
2018-12-04 04:29:23 INFO  CAdESSigner:667 - CN=Autoridade Certificadora SERPRO v3, OU=Autoridade Certificadora Raiz Brasileira v2, O=ICP-Brasil, C=BR
2018-12-04 04:29:23 INFO  CAdESSigner:667 - CN=Autoridade Certificadora Raiz Brasileira v2, OU=Instituto Nacional de Tecnologia da Informacao - ITI, O=ICP-Brasil, C=BR
2018-12-04 04:29:23 INFO  CAdESSigner:667 - CN=Autoridade Certificadora Raiz Brasileira v2, OU=Instituto Nacional de Tecnologia da Informacao - ITI, O=ICP-Brasil, C=BR
2018-12-04 04:29:23 INFO  CAdESSigner:667 - CN=Autoridade Certificadora do SERPRO Final v4, OU=Servico Federal de Processamento de Dados - SERPRO, OU=CSPB-1, O=ICP-Brasil, C=BR
2018-12-04 04:29:23 INFO  CAdESSigner:673 - O certificado pertence a cadeia CN=Autoridade Certificadora Raiz Brasileira v2, OU=Instituto Nacional de Tecnologia da Informacao - ITI, O=ICP-Brasil, C=BR que é permitida pela política  para gerar a assinatura.
2018-12-04 04:29:23 INFO  CAdESSigner:683 - Verificando o período de validade da politica
2018-12-04 04:29:23 INFO  CAdESSigner:363 - Adicionando Certificado no CertStore
2018-12-04 04:29:23 INFO  CAdESSigner:691 - OID do algoritmo que irá gerar assinatura: 1.2.840.113549.1.1.13
2018-12-04 04:29:24 INFO  CAdESSigner:717 - Efetuando a verificação dos atributos NÃO assinados
2018-12-04 04:29:24 INFO  TimeStampToken:97 - Carregando o serviço do carimbador de tempo.
2018-12-04 04:29:24 INFO  TimeStampOperator:114 - Gerando o digest do conteúdo para a requisição do carimbo de tempo
2018-12-04 04:29:24 INFO  TimeStampOperator:119 - Windows foi detectado definindo o Algoritmo para SHA256
2018-12-04 04:29:24 INFO  TimeStampOperator:138 - Montando a requisição para o carimbador de tempo
2018-12-04 04:29:24 INFO  TimeStampOperator:145 - Efetuando a  assinatura do conteúdo para requisição.
2018-12-04 04:29:24 INFO  RequestSigner:83 - Efetuando a  assinatura do conteúdo para requisição.
2018-12-04 04:29:24 INFO  TimeStampOperator:187 - Iniciando pedido de carimbo de tempo
2018-12-04 04:29:24 INFO  ConnectorFactory:65 - Retornando uma conexão tipo SOCKET da fábrica.
2018-12-04 04:29:24 INFO  TimeStampOperator:192 - Obtendo a resposta do carimbo de tempo
2018-12-04 04:29:24 INFO  SocketConnector:83 - Envia a solicitação de conexão para o servidor de carimbo de tempo.
2018-12-04 04:29:24 INFO  SocketConnector:86 - Conectado [true] na url [act.serpro.gov.br] e porta [318]
2018-12-04 04:29:24 INFO  SocketConnector:88 - Escrevendo no socket
2018-12-04 04:29:24 INFO  SocketConnector:96 - Obtendo a resposta do socket do servidor de carimbo de tempo.
2018-12-04 04:29:24 INFO  TimeStampOperator:239 - Situação da resposta do carimbo de tempo.: 0
2018-12-04 04:29:24 INFO  TimeStampOperator:243 - O token de carimbo de tempo está presente, conforme solicitado
2018-12-04 04:29:24 INFO  TimeStampOperator:280 - valor do retorno de falhas na requisição do carimbo = -1  valor igual a -1 indica que não há retorno de falhas.
2018-12-04 04:29:24 INFO  TimeStampOperator:320 - 
Data e  hora do carimbo de tempo :04-dez-2018 04:29:24:547 GMT
Política do carimbo de tempo :2.16.76.1.6.2
Número de série do carimbo de tempo :697281
Certificado da Autoridade de carimbo de tempo :4: C=BR,O=ICP-Brasil,OU=Certificado de Carimbo do Tempo,OU=ARSERPRO,OU=Autoridade Certificadora da SERPROACF TIMESTAMPING,CN=PDDE50099 - SCT SERPRO
Algoritimo de hash para o carimbo de tempo :2.16.840.1.101.3.4.2.1
Resumo(hash) do carimbo de tempo em formato hexadecimal  :B1C5EBE3DB3C9000BE0FC54609F7E5BD66D418E38477397FBF01BEF555F31CE4
Resumo (hash) do carimbo de tempo em formato base64 :scXr49s8kAC+D8VGCfflvWbUGOOEdzl/vwG+9VXzHOQ=
Resumo (hash) do carimbo de tempo:[B@5e0e82ae

2018-12-04 04:29:24 INFO  TimeStampOperator:365 - Verificada(s) 1 assinatura(s).
2018-12-04 04:29:24 INFO  TimeStampOperator:381 - Resumo  incluso no carimbo de tempo com resumo do arquivo carimbado verificado com sucesso.
2018-12-04 04:29:24 INFO  CAdESSigner:779 - Assinatura gerada com sucesso!
